<?xml version="1.0" encoding="UTF-8"?>
<robot generator="Robot 5.0.1 (Python 3.8.3 on win32)" generated="20220605 01:11:41.831" rpa="false" schemaversion="3">
<suite id="s1" name="Tests" source="C:\Users\Ely\PycharmProjects\Planit_Automation_Test\Tests">
<suite id="s1-s1" name="JupiterToys Test" source="C:\Users\Ely\PycharmProjects\Planit_Automation_Test\Tests\JupiterToys_Test.robot">
<test id="s1-s1-t1" name="Cart Items Validation" line="26">
<kw name="Price Validation" library="Jupiter_Main">
<arg>${item_3rd}</arg>
<arg>2</arg>
<arg>${item_2nd}</arg>
<arg>5</arg>
<arg>${item_4th}</arg>
<arg>3</arg>
<kw name="Create List" library="BuiltIn">
<var>${cart_items}</var>
<arg>${item_1}</arg>
<arg>${item_2}</arg>
<arg>${item_3}</arg>
<doc>Returns a list containing given items.</doc>
<msg timestamp="20220605 01:11:42.138" level="INFO">${cart_items} = ["//h4[contains(text(),'Stuffed Frog')]/../..//a[contains(text(),'Buy')]", "//h4[contains(text(),'Fluffy Bunny')]/../..//a[contains(text(),'Buy')]", "//h4[contains(text(),'Valentine Bear')]/../..//a[c...</msg>
<status status="PASS" starttime="20220605 01:11:42.138" endtime="20220605 01:11:42.138"/>
</kw>
<kw name="Create List" library="BuiltIn">
<var>${item_quantity}</var>
<arg>${item_1_qty}</arg>
<arg>${item_2_qty}</arg>
<arg>${item_3_qty}</arg>
<doc>Returns a list containing given items.</doc>
<msg timestamp="20220605 01:11:42.139" level="INFO">${item_quantity} = ['2', '5', '3']</msg>
<status status="PASS" starttime="20220605 01:11:42.138" endtime="20220605 01:11:42.139"/>
</kw>
<kw name="Create List" library="BuiltIn">
<var>${item_total}</var>
<doc>Returns a list containing given items.</doc>
<msg timestamp="20220605 01:11:42.139" level="INFO">${item_total} = []</msg>
<status status="PASS" starttime="20220605 01:11:42.139" endtime="20220605 01:11:42.139"/>
</kw>
<kw name="Set Variable" library="BuiltIn">
<var>${all_total}</var>
<arg>0</arg>
<doc>Returns the given values which can then be assigned to a variables.</doc>
<msg timestamp="20220605 01:11:42.139" level="INFO">${all_total} = 0</msg>
<status status="PASS" starttime="20220605 01:11:42.139" endtime="20220605 01:11:42.139"/>
</kw>
<kw name="Open Browser and Navigate to Jupiter Toys" library="Common">
<kw name="Open Browser" library="SeleniumLibrary">
<arg>${URL}</arg>
<arg>${BROWSER}</arg>
<doc>Opens a new browser instance to the optional ``url``.</doc>
<msg timestamp="20220605 01:11:42.140" level="INFO">Opening browser 'Chrome' to base url 'http://jupiter.cloud.planittesting.com'.</msg>
<status status="PASS" starttime="20220605 01:11:42.140" endtime="20220605 01:11:45.334"/>
</kw>
<kw name="Maximize Browser Window" library="SeleniumLibrary">
<doc>Maximizes current browser window.</doc>
<status status="PASS" starttime="20220605 01:11:45.334" endtime="20220605 01:11:45.455"/>
</kw>
<kw name="Wait Until Page Contains Element" library="SeleniumLibrary">
<arg>${page_Logo}</arg>
<doc>Waits until the element ``locator`` appears on the current page.</doc>
<status status="PASS" starttime="20220605 01:11:45.455" endtime="20220605 01:11:45.464"/>
</kw>
<status status="PASS" starttime="20220605 01:11:42.139" endtime="20220605 01:11:45.464"/>
</kw>
<kw name="Click Element" library="SeleniumLibrary">
<arg>${shop_Link}</arg>
<doc>Click the element identified by ``locator``.</doc>
<msg timestamp="20220605 01:11:45.465" level="INFO">Clicking element '//a[contains(@href, '#/shop')]'.</msg>
<status status="PASS" starttime="20220605 01:11:45.464" endtime="20220605 01:11:45.501"/>
</kw>
<kw name="Wait Until Page Contains Element" library="SeleniumLibrary">
<arg>${product_List}</arg>
<doc>Waits until the element ``locator`` appears on the current page.</doc>
<status status="PASS" starttime="20220605 01:11:45.501" endtime="20220605 01:11:45.721"/>
</kw>
<for flavor="IN RANGE">
<var>${index}</var>
<value>3</value>
<iter>
<var name="${index}">0</var>
<kw name="Log To Console" library="BuiltIn">
<arg>${cart_items}[${index}]</arg>
<doc>Logs the given message to the console.</doc>
<status status="PASS" starttime="20220605 01:11:45.722" endtime="20220605 01:11:45.722"/>
</kw>
<for flavor="IN RANGE">
<var>${index_2}</var>
<value>${item_quantity}[${index}]</value>
<iter>
<var name="${index_2}">0</var>
<kw name="Click Element" library="SeleniumLibrary">
<arg>xpath=//h4[contains(text(),'${cart_items}[${index}]')]/../..//a[contains(text(),'Buy')]</arg>
<doc>Click the element identified by ``locator``.</doc>
<msg timestamp="20220605 01:11:45.723" level="INFO">Clicking element 'xpath=//h4[contains(text(),'//h4[contains(text(),'Stuffed Frog')]/../..//a[contains(text(),'Buy')]')]/../..//a[contains(text(),'Buy')]'.</msg>
<msg timestamp="20220605 01:11:45.915" level="INFO" html="true">&lt;/td&gt;&lt;/tr&gt;&lt;tr&gt;&lt;td colspan="3"&gt;&lt;a href="selenium-screenshot-2.png"&gt;&lt;img src="selenium-screenshot-2.png" width="800px"&gt;&lt;/a&gt;</msg>
<msg timestamp="20220605 01:11:45.916" level="FAIL">InvalidSelectorException: Message: invalid selector: Unable to locate an element with the xpath expression //h4[contains(text(),'//h4[contains(text(),'Stuffed Frog')]/../..//a[contains(text(),'Buy')]')]/../..//a[contains(text(),'Buy')] because of the following error:
SyntaxError: Failed to execute 'evaluate' on 'Document': The string '//h4[contains(text(),'//h4[contains(text(),'Stuffed Frog')]/../..//a[contains(text(),'Buy')]')]/../..//a[contains(text(),'Buy')]' is not a valid XPath expression.
  (Session info: chrome=102.0.5005.63)
Stacktrace:
Backtrace:
	Ordinal0 [0x0045D953+2414931]
	Ordinal0 [0x003EF5E1+1963489]
	Ordinal0 [0x002DC6B8+837304]
	Ordinal0 [0x002DF0B4+848052]
	Ordinal0 [0x002DEF72+847730]
	Ordinal0 [0x002DF200+848384]
	Ordinal0 [0x00309215+1020437]
	Ordinal0 [0x0030979B+1021851]
	Ordinal0 [0x0033653C+1205564]
	Ordinal0 [0x003244E4+1131748]
	Ordinal0 [0x00334812+1198098]
	Ordinal0 [0x003242B6+1131190]
	Ordinal0 [0x002FE860+976992]
	Ordinal0 [0x002FF756+980822]
	GetHandleVerifier [0x006CCC62+2510274]
	GetHandleVerifier [0x006BF760+2455744]
	GetHandleVerifier [0x004EEABA+551962]
	GetHandleVerifier [0x004ED916+547446]
	Ordinal0 [0x003F5F3B+1990459]
	Ordinal0 [0x003FA898+2009240]
	Ordinal0 [0x003FA985+2009477]
	Ordinal0 [0x00403AD1+2046673]
	BaseThreadInitThunk [0x76046739+25]
	RtlGetFullPathName_UEx [0x77C78FEF+1215]
	RtlGetFullPathName_UEx [0x77C78FBD+1165]
</msg>
<status status="FAIL" starttime="20220605 01:11:45.723" endtime="20220605 01:11:45.918"/>
</kw>
<status status="FAIL" starttime="20220605 01:11:45.723" endtime="20220605 01:11:45.919"/>
</iter>
<status status="FAIL" starttime="20220605 01:11:45.722" endtime="20220605 01:11:45.919"/>
</for>
<kw name="Get Text" library="SeleniumLibrary">
<var>${prod_price}</var>
<arg>xpath=//h4[contains(text(),'${cart_items}[${index}]')]/..//span</arg>
<doc>Returns the text value of the element identified by ``locator``.</doc>
<status status="NOT RUN" starttime="20220605 01:11:45.920" endtime="20220605 01:11:45.920"/>
</kw>
<kw name="Remove String" library="String">
<var>${subtotal}</var>
<arg>${prod_price}</arg>
<arg>$</arg>
<doc>Removes all ``removables`` from the given ``string``.</doc>
<status status="NOT RUN" starttime="20220605 01:11:45.920" endtime="20220605 01:11:45.920"/>
</kw>
<kw name="Convert To Number" library="BuiltIn">
<var>${subtotal_num}</var>
<arg>${subtotal}</arg>
<doc>Converts the given item to a floating point number.</doc>
<status status="NOT RUN" starttime="20220605 01:11:45.920" endtime="20220605 01:11:45.920"/>
</kw>
<kw name="Convert To Number" library="BuiltIn">
<var>${item_quantity_num}</var>
<arg>${item_quantity}[${index}]</arg>
<doc>Converts the given item to a floating point number.</doc>
<status status="NOT RUN" starttime="20220605 01:11:45.920" endtime="20220605 01:11:45.920"/>
</kw>
<kw name="Evaluate" library="BuiltIn">
<var>${item_totalnum}</var>
<arg>${subtotal} * ${item_quantity_num}</arg>
<doc>Evaluates the given expression in Python and returns the result.</doc>
<status status="NOT RUN" starttime="20220605 01:11:45.920" endtime="20220605 01:11:45.921"/>
</kw>
<kw name="Append To List" library="Collections">
<arg>${item_total}</arg>
<arg>${item_totalnum}</arg>
<doc>Adds ``values`` to the end of ``list``.</doc>
<status status="NOT RUN" starttime="20220605 01:11:45.921" endtime="20220605 01:11:45.921"/>
</kw>
<kw name="Log To Console" library="BuiltIn">
<arg>${item_totalnum}</arg>
<doc>Logs the given message to the console.</doc>
<status status="NOT RUN" starttime="20220605 01:11:45.921" endtime="20220605 01:11:45.921"/>
</kw>
<status status="FAIL" starttime="20220605 01:11:45.722" endtime="20220605 01:11:45.921"/>
</iter>
<status status="FAIL" starttime="20220605 01:11:45.722" endtime="20220605 01:11:45.921"/>
</for>
<kw name="Log To Console" library="BuiltIn">
<arg>${item_total}</arg>
<doc>Logs the given message to the console.</doc>
<status status="NOT RUN" starttime="20220605 01:11:45.922" endtime="20220605 01:11:45.922"/>
</kw>
<for flavor="IN RANGE">
<var>${index}</var>
<value>3</value>
<iter>
<var name="${index}"/>
<kw name="Evaluate" library="BuiltIn">
<var>${all_total}</var>
<arg>${item_total}[${index}] + ${all_total}</arg>
<doc>Evaluates the given expression in Python and returns the result.</doc>
<status status="NOT RUN" starttime="20220605 01:11:45.922" endtime="20220605 01:11:45.922"/>
</kw>
<status status="NOT RUN" starttime="20220605 01:11:45.922" endtime="20220605 01:11:45.922"/>
</iter>
<status status="NOT RUN" starttime="20220605 01:11:45.922" endtime="20220605 01:11:45.922"/>
</for>
<kw name="Log To Console" library="BuiltIn">
<arg>${all_total}</arg>
<doc>Logs the given message to the console.</doc>
<status status="NOT RUN" starttime="20220605 01:11:45.922" endtime="20220605 01:11:45.922"/>
</kw>
<kw name="Click Element" library="SeleniumLibrary">
<arg>${cart_Link}</arg>
<doc>Click the element identified by ``locator``.</doc>
<status status="NOT RUN" starttime="20220605 01:11:45.922" endtime="20220605 01:11:45.923"/>
</kw>
<kw name="Wait Until Page Contains Element" library="SeleniumLibrary">
<arg>${cart_Msg}</arg>
<doc>Waits until the element ``locator`` appears on the current page.</doc>
<status status="NOT RUN" starttime="20220605 01:11:45.923" endtime="20220605 01:11:45.923"/>
</kw>
<status status="FAIL" starttime="20220605 01:11:42.137" endtime="20220605 01:11:45.923"/>
</kw>
<doc>*Test cases covered:*
Test Case #3</doc>
<tag>Planit</tag>
<status status="FAIL" starttime="20220605 01:11:42.136" endtime="20220605 01:11:45.924">InvalidSelectorException: Message: invalid selector: Unable to locate an element with the xpath expression //h4[contains(text(),'//h4[contains(text(),'Stuffed Frog')]/../..//a[contains(text(),'Buy')]')]/../..//a[contains(text(),'Buy')] because of the following error:
SyntaxError: Failed to execute 'evaluate' on 'Document': The string '//h4[contains(text(),'//h4[contains(text(),'Stuffed Frog')]/../..//a[contains(text(),'Buy')]')]/../..//a[contains(text(),'Buy')]' is not a valid XPath expression.
  (Session info: chrome=102.0.5005.63)
Stacktrace:
Backtrace:
	Ordinal0 [0x0045D953+2414931]
	Ordinal0 [0x003EF5E1+1963489]
	Ordinal0 [0x002DC6B8+837304]
	Ordinal0 [0x002DF0B4+848052]
	Ordinal0 [0x002DEF72+847730]
	Ordinal0 [0x002DF200+848384]
	Ordinal0 [0x00309215+1020437]
	Ordinal0 [0x0030979B+1021851]
	Ordinal0 [0x0033653C+1205564]
	Ordinal0 [0x003244E4+1131748]
	Ordinal0 [0x00334812+1198098]
	Ordinal0 [0x003242B6+1131190]
	Ordinal0 [0x002FE860+976992]
	Ordinal0 [0x002FF756+980822]
	GetHandleVerifier [0x006CCC62+2510274]
	GetHandleVerifier [0x006BF760+2455744]
	GetHandleVerifier [0x004EEABA+551962]
	GetHandleVerifier [0x004ED916+547446]
	Ordinal0 [0x003F5F3B+1990459]
	Ordinal0 [0x003FA898+2009240]
	Ordinal0 [0x003FA985+2009477]
	Ordinal0 [0x00403AD1+2046673]
	BaseThreadInitThunk [0x76046739+25]
	RtlGetFullPathName_UEx [0x77C78FEF+1215]
	RtlGetFullPathName_UEx [0x77C78FBD+1165]
</status>
</test>
<kw name="Close Browser" library="SeleniumLibrary" type="TEARDOWN">
<doc>Closes the current browser.</doc>
<status status="PASS" starttime="20220605 01:11:45.927" endtime="20220605 01:11:48.022"/>
</kw>
<doc>Planit Technical Assessment - Automation</doc>
<status status="FAIL" starttime="20220605 01:11:41.863" endtime="20220605 01:11:48.022"/>
</suite>
<status status="FAIL" starttime="20220605 01:11:41.833" endtime="20220605 01:11:48.024"/>
</suite>
<statistics>
<total>
<stat pass="0" fail="1" skip="0">All Tests</stat>
</total>
<tag>
<stat pass="0" fail="1" skip="0">Planit</stat>
</tag>
<suite>
<stat pass="0" fail="1" skip="0" id="s1" name="Tests">Tests</stat>
<stat pass="0" fail="1" skip="0" id="s1-s1" name="JupiterToys Test">Tests.JupiterToys Test</stat>
</suite>
</statistics>
<errors>
</errors>
</robot>
